[debug] [2024-07-03T22:30:37.342Z] ----------------------------------------------------------------------
[debug] [2024-07-03T22:30:37.343Z] Command:       /usr/local/bin/node /usr/local/bin/firebase deploy
[debug] [2024-07-03T22:30:37.343Z] CLI Version:   13.11.3
[debug] [2024-07-03T22:30:37.343Z] Platform:      darwin
[debug] [2024-07-03T22:30:37.343Z] Node Version:  v20.10.0
[debug] [2024-07-03T22:30:37.343Z] Time:          Wed Jul 03 2024 15:30:37 GMT-0700 (Pacific Daylight Time)
[debug] [2024-07-03T22:30:37.343Z] ----------------------------------------------------------------------
[debug] 
[debug] [2024-07-03T22:30:37.373Z] > command requires scopes: ["email","openid","https://www.googleapis.com/auth/cloudplatformprojects.readonly","https://www.googleapis.com/auth/firebase","https://www.googleapis.com/auth/cloud-platform"]
[debug] [2024-07-03T22:30:37.373Z] > authorizing via signed-in user (derek.gc.roofing@gmail.com)
[debug] [2024-07-03T22:30:37.373Z] [iam] checking project gc-roofing for permissions ["cloudfunctions.functions.create","cloudfunctions.functions.delete","cloudfunctions.functions.get","cloudfunctions.functions.list","cloudfunctions.functions.update","cloudfunctions.operations.get","datastore.indexes.create","datastore.indexes.delete","datastore.indexes.list","datastore.indexes.update","firebase.projects.get","firebasehosting.sites.update"]
[debug] [2024-07-03T22:30:37.373Z] > refreshing access token with scopes: []
[debug] [2024-07-03T22:30:37.374Z] >>> [apiv2][query] POST https://www.googleapis.com/oauth2/v3/token [none]
[debug] [2024-07-03T22:30:37.374Z] >>> [apiv2][body] POST https://www.googleapis.com/oauth2/v3/token [omitted]
[debug] [2024-07-03T22:30:38.489Z] <<< [apiv2][status] POST https://www.googleapis.com/oauth2/v3/token 200
[debug] [2024-07-03T22:30:38.490Z] <<< [apiv2][body] POST https://www.googleapis.com/oauth2/v3/token [omitted]
[debug] [2024-07-03T22:30:38.504Z] >>> [apiv2][query] POST https://cloudresourcemanager.googleapis.com/v1/projects/gc-roofing:testIamPermissions [none]
[debug] [2024-07-03T22:30:38.504Z] >>> [apiv2][(partial)header] POST https://cloudresourcemanager.googleapis.com/v1/projects/gc-roofing:testIamPermissions x-goog-quota-user=projects/gc-roofing
[debug] [2024-07-03T22:30:38.505Z] >>> [apiv2][body] POST https://cloudresourcemanager.googleapis.com/v1/projects/gc-roofing:testIamPermissions {"permissions":["cloudfunctions.functions.create","cloudfunctions.functions.delete","cloudfunctions.functions.get","cloudfunctions.functions.list","cloudfunctions.functions.update","cloudfunctions.operations.get","datastore.indexes.create","datastore.indexes.delete","datastore.indexes.list","datastore.indexes.update","firebase.projects.get","firebasehosting.sites.update"]}
[debug] [2024-07-03T22:30:39.580Z] <<< [apiv2][status] POST https://cloudresourcemanager.googleapis.com/v1/projects/gc-roofing:testIamPermissions 200
[debug] [2024-07-03T22:30:39.581Z] <<< [apiv2][body] POST https://cloudresourcemanager.googleapis.com/v1/projects/gc-roofing:testIamPermissions {"permissions":["cloudfunctions.functions.create","cloudfunctions.functions.delete","cloudfunctions.functions.get","cloudfunctions.functions.list","cloudfunctions.functions.update","cloudfunctions.operations.get","datastore.indexes.create","datastore.indexes.delete","datastore.indexes.list","datastore.indexes.update","firebase.projects.get","firebasehosting.sites.update"]}
[debug] [2024-07-03T22:30:39.581Z] >>> [apiv2][query] POST https://iam.googleapis.com/v1/projects/gc-roofing/serviceAccounts/gc-roofing@appspot.gserviceaccount.com:testIamPermissions [none]
[debug] [2024-07-03T22:30:39.581Z] >>> [apiv2][body] POST https://iam.googleapis.com/v1/projects/gc-roofing/serviceAccounts/gc-roofing@appspot.gserviceaccount.com:testIamPermissions {"permissions":["iam.serviceAccounts.actAs"]}
[debug] [2024-07-03T22:30:40.606Z] <<< [apiv2][status] POST https://iam.googleapis.com/v1/projects/gc-roofing/serviceAccounts/gc-roofing@appspot.gserviceaccount.com:testIamPermissions 200
[debug] [2024-07-03T22:30:40.607Z] <<< [apiv2][body] POST https://iam.googleapis.com/v1/projects/gc-roofing/serviceAccounts/gc-roofing@appspot.gserviceaccount.com:testIamPermissions {"permissions":["iam.serviceAccounts.actAs"]}
[debug] [2024-07-03T22:30:40.608Z] >>> [apiv2][query] GET https://firebase.googleapis.com/v1beta1/projects/gc-roofing [none]
[debug] [2024-07-03T22:30:41.090Z] <<< [apiv2][status] GET https://firebase.googleapis.com/v1beta1/projects/gc-roofing 200
[debug] [2024-07-03T22:30:41.091Z] <<< [apiv2][body] GET https://firebase.googleapis.com/v1beta1/projects/gc-roofing {"projectId":"gc-roofing","projectNumber":"219394137012","displayName":"gc-roofing","name":"projects/gc-roofing","resources":{"hostingSite":"gc-roofing"},"state":"ACTIVE","etag":"1_199295d3-2ead-4024-9338-0733993f2024"}
[info] 
[info] === Deploying to 'gc-roofing'...
[info] 
[info] i  deploying firestore, functions, hosting 
[info] i  firestore: reading indexes from firestore.indexes.json... 
[info] i  cloud.firestore: checking firestore.rules for compilation errors... 
[debug] [2024-07-03T22:30:41.097Z] >>> [apiv2][query] POST https://firebaserules.googleapis.com/v1/projects/gc-roofing:test [none]
[debug] [2024-07-03T22:30:41.097Z] >>> [apiv2][body] POST https://firebaserules.googleapis.com/v1/projects/gc-roofing:test [omitted]
[debug] [2024-07-03T22:30:42.022Z] <<< [apiv2][status] POST https://firebaserules.googleapis.com/v1/projects/gc-roofing:test 200
[debug] [2024-07-03T22:30:42.022Z] <<< [apiv2][body] POST https://firebaserules.googleapis.com/v1/projects/gc-roofing:test {}
[info] ✔  cloud.firestore: rules file firestore.rules compiled successfully 
[debug] [2024-07-03T22:30:42.024Z] >>> [apiv2][query] GET https://firebase.googleapis.com/v1beta1/projects/gc-roofing [none]
[debug] [2024-07-03T22:30:42.267Z] <<< [apiv2][status] GET https://firebase.googleapis.com/v1beta1/projects/gc-roofing 200
[debug] [2024-07-03T22:30:42.268Z] <<< [apiv2][body] GET https://firebase.googleapis.com/v1beta1/projects/gc-roofing {"projectId":"gc-roofing","projectNumber":"219394137012","displayName":"gc-roofing","name":"projects/gc-roofing","resources":{"hostingSite":"gc-roofing"},"state":"ACTIVE","etag":"1_199295d3-2ead-4024-9338-0733993f2024"}
[info] i  functions: preparing codebase default for deployment 
[info] i  functions: ensuring required API cloudfunctions.googleapis.com is enabled... 
[info] i  functions: ensuring required API cloudbuild.googleapis.com is enabled... 
[info] i  artifactregistry: ensuring required API artifactregistry.googleapis.com is enabled... 
[debug] [2024-07-03T22:30:42.271Z] >>> [apiv2][query] GET https://serviceusage.googleapis.com/v1/projects/gc-roofing/services/cloudfunctions.googleapis.com [none]
[debug] [2024-07-03T22:30:42.271Z] >>> [apiv2][(partial)header] GET https://serviceusage.googleapis.com/v1/projects/gc-roofing/services/cloudfunctions.googleapis.com x-goog-quota-user=projects/gc-roofing
[debug] [2024-07-03T22:30:42.273Z] >>> [apiv2][query] GET https://serviceusage.googleapis.com/v1/projects/gc-roofing/services/runtimeconfig.googleapis.com [none]
[debug] [2024-07-03T22:30:42.273Z] >>> [apiv2][(partial)header] GET https://serviceusage.googleapis.com/v1/projects/gc-roofing/services/runtimeconfig.googleapis.com x-goog-quota-user=projects/gc-roofing
[debug] [2024-07-03T22:30:42.274Z] >>> [apiv2][query] GET https://serviceusage.googleapis.com/v1/projects/gc-roofing/services/cloudbuild.googleapis.com [none]
[debug] [2024-07-03T22:30:42.274Z] >>> [apiv2][(partial)header] GET https://serviceusage.googleapis.com/v1/projects/gc-roofing/services/cloudbuild.googleapis.com x-goog-quota-user=projects/gc-roofing
[debug] [2024-07-03T22:30:42.275Z] >>> [apiv2][query] GET https://serviceusage.googleapis.com/v1/projects/gc-roofing/services/artifactregistry.googleapis.com [none]
[debug] [2024-07-03T22:30:42.275Z] >>> [apiv2][(partial)header] GET https://serviceusage.googleapis.com/v1/projects/gc-roofing/services/artifactregistry.googleapis.com x-goog-quota-user=projects/gc-roofing
[debug] [2024-07-03T22:30:43.388Z] <<< [apiv2][status] GET https://serviceusage.googleapis.com/v1/projects/gc-roofing/services/runtimeconfig.googleapis.com 200
[debug] [2024-07-03T22:30:43.388Z] <<< [apiv2][body] GET https://serviceusage.googleapis.com/v1/projects/gc-roofing/services/runtimeconfig.googleapis.com [omitted]
[debug] [2024-07-03T22:30:43.437Z] <<< [apiv2][status] GET https://serviceusage.googleapis.com/v1/projects/gc-roofing/services/cloudbuild.googleapis.com 200
[debug] [2024-07-03T22:30:43.437Z] <<< [apiv2][body] GET https://serviceusage.googleapis.com/v1/projects/gc-roofing/services/cloudbuild.googleapis.com [omitted]
[info] ✔  functions: required API cloudbuild.googleapis.com is enabled 
[debug] [2024-07-03T22:30:43.449Z] <<< [apiv2][status] GET https://serviceusage.googleapis.com/v1/projects/gc-roofing/services/artifactregistry.googleapis.com 200
[debug] [2024-07-03T22:30:43.449Z] <<< [apiv2][body] GET https://serviceusage.googleapis.com/v1/projects/gc-roofing/services/artifactregistry.googleapis.com [omitted]
[info] ✔  artifactregistry: required API artifactregistry.googleapis.com is enabled 
[debug] [2024-07-03T22:30:43.450Z] <<< [apiv2][status] GET https://serviceusage.googleapis.com/v1/projects/gc-roofing/services/cloudfunctions.googleapis.com 200
[debug] [2024-07-03T22:30:43.450Z] <<< [apiv2][body] GET https://serviceusage.googleapis.com/v1/projects/gc-roofing/services/cloudfunctions.googleapis.com [omitted]
[info] ✔  functions: required API cloudfunctions.googleapis.com is enabled 
[debug] [2024-07-03T22:30:43.451Z] >>> [apiv2][query] GET https://firebase.googleapis.com/v1beta1/projects/gc-roofing/adminSdkConfig [none]
[debug] [2024-07-03T22:30:43.796Z] <<< [apiv2][status] GET https://firebase.googleapis.com/v1beta1/projects/gc-roofing/adminSdkConfig 200
[debug] [2024-07-03T22:30:43.797Z] <<< [apiv2][body] GET https://firebase.googleapis.com/v1beta1/projects/gc-roofing/adminSdkConfig {"projectId":"gc-roofing","storageBucket":"gc-roofing.appspot.com"}
[debug] [2024-07-03T22:30:43.798Z] >>> [apiv2][query] GET https://runtimeconfig.googleapis.com/v1beta1/projects/gc-roofing/configs [none]
[debug] [2024-07-03T22:30:44.352Z] <<< [apiv2][status] GET https://runtimeconfig.googleapis.com/v1beta1/projects/gc-roofing/configs 200
[debug] [2024-07-03T22:30:44.353Z] <<< [apiv2][body] GET https://runtimeconfig.googleapis.com/v1beta1/projects/gc-roofing/configs {}
[debug] [2024-07-03T22:30:44.356Z] Validating nodejs source
[debug] [2024-07-03T22:30:45.081Z] > [functions] package.json contents: {
  "name": "functions",
  "description": "Cloud Functions for Firebase",
  "scripts": {
    "serve": "firebase emulators:start --only functions",
    "shell": "firebase functions:shell",
    "start": "npm run shell",
    "deploy": "firebase deploy --only functions",
    "logs": "firebase functions:log"
  },
  "engines": {
    "node": "18"
  },
  "main": "index.js",
  "dependencies": {
    "firebase-admin": "^12.1.0",
    "firebase-functions": "^5.0.0"
  },
  "devDependencies": {
    "firebase-functions-test": "^3.1.0"
  },
  "private": true
}
[debug] [2024-07-03T22:30:45.081Z] Building nodejs source
[info] i  functions: Loading and analyzing source code for codebase default to determine what to deploy 
[debug] [2024-07-03T22:30:45.082Z] Could not find functions.yaml. Must use http discovery
[debug] [2024-07-03T22:30:45.088Z] Found firebase-functions binary at '/Users/derekhuang/Main/programming/gc-roofing/functions/node_modules/.bin/firebase-functions'
[info] Serving at port 8342

[debug] [2024-07-03T22:30:45.295Z] Got response from /__/functions.yaml {"endpoints":{"filterData":{"availableMemoryMb":null,"timeoutSeconds":null,"minInstances":null,"maxInstances":null,"ingressSettings":null,"concurrency":null,"serviceAccountEmail":null,"vpc":null,"platform":"gcfv2","labels":{},"callableTrigger":{},"entryPoint":"filterData"}},"specVersion":"v1alpha1","requiredAPIs":[]}
[info] i  functions: preparing functions directory for uploading... 
[info] i  functions: packaged /Users/derekhuang/Main/programming/gc-roofing/functions (65.45 KB) for uploading 
[debug] [2024-07-03T22:30:50.332Z] >>> [apiv2][query] GET https://cloudfunctions.googleapis.com/v1/projects/gc-roofing/locations/-/functions [none]
[debug] [2024-07-03T22:30:51.166Z] <<< [apiv2][status] GET https://cloudfunctions.googleapis.com/v1/projects/gc-roofing/locations/-/functions 200
[debug] [2024-07-03T22:30:51.167Z] <<< [apiv2][body] GET https://cloudfunctions.googleapis.com/v1/projects/gc-roofing/locations/-/functions {}
[debug] [2024-07-03T22:30:51.169Z] >>> [apiv2][query] GET https://cloudfunctions.googleapis.com/v2/projects/gc-roofing/locations/-/functions filter=environment%3D%22GEN_2%22
[debug] [2024-07-03T22:30:51.650Z] <<< [apiv2][status] GET https://cloudfunctions.googleapis.com/v2/projects/gc-roofing/locations/-/functions 200
[debug] [2024-07-03T22:30:51.650Z] <<< [apiv2][body] GET https://cloudfunctions.googleapis.com/v2/projects/gc-roofing/locations/-/functions {"functions":[{"name":"projects/gc-roofing/locations/us-central1/functions/filterData","buildConfig":{"build":"projects/219394137012/locations/us-central1/builds/c1170c35-318b-4239-bbf6-415a6ed623db","runtime":"nodejs18","entryPoint":"filterData","source":{"storageSource":{"bucket":"gcf-v2-sources-219394137012-us-central1","object":"filterData/function-source.zip","generation":"1720030634769037"}},"environmentVariables":{"GOOGLE_NODE_RUN_SCRIPTS":""},"dockerRepository":"projects/gc-roofing/locations/us-central1/repositories/gcf-artifacts","sourceProvenance":{"resolvedStorageSource":{"bucket":"gcf-v2-sources-219394137012-us-central1","object":"filterData/function-source.zip","generation":"1720030634769037"}},"dockerRegistry":"ARTIFACT_REGISTRY","automaticUpdatePolicy":{}},"serviceConfig":{"service":"projects/gc-roofing/locations/us-central1/services/filterdata","timeoutSeconds":60,"environmentVariables":{"FIREBASE_CONFIG":"{\"projectId\":\"gc-roofing\",\"storageBucket\":\"gc-roofing.appspot.com\"}","GCLOUD_PROJECT":"gc-roofing","EVENTARC_CLOUD_EVENT_SOURCE":"projects/gc-roofing/locations/us-central1/services/filterData","FUNCTION_TARGET":"filterData","LOG_EXECUTION_ID":"true"},"maxInstanceCount":100,"ingressSettings":"ALLOW_ALL","uri":"https://filterdata-tomkz6yfqq-uc.a.run.app","serviceAccountEmail":"219394137012-compute@developer.gserviceaccount.com","availableMemory":"256Mi","allTrafficOnLatestRevision":true,"revision":"filterdata-00019-vab","maxInstanceRequestConcurrency":80,"availableCpu":"1"},"state":"ACTIVE","updateTime":"2024-07-03T18:18:09.154362884Z","labels":{"firebase-functions-hash":"e99d62c8c5e96922c7d882c0c4fe67435a18637f","deployment-tool":"cli-firebase","deployment-callable":"true"},"environment":"GEN_2","url":"https://us-central1-gc-roofing.cloudfunctions.net/filterData","createTime":"2024-07-01T02:59:44.250886173Z"}]}
[info] i  functions: ensuring required API run.googleapis.com is enabled... 
[info] i  functions: ensuring required API eventarc.googleapis.com is enabled... 
[info] i  functions: ensuring required API pubsub.googleapis.com is enabled... 
[info] i  functions: ensuring required API storage.googleapis.com is enabled... 
[debug] [2024-07-03T22:30:51.655Z] >>> [apiv2][query] GET https://serviceusage.googleapis.com/v1/projects/gc-roofing/services/run.googleapis.com [none]
[debug] [2024-07-03T22:30:51.655Z] >>> [apiv2][(partial)header] GET https://serviceusage.googleapis.com/v1/projects/gc-roofing/services/run.googleapis.com x-goog-quota-user=projects/gc-roofing
[debug] [2024-07-03T22:30:51.658Z] >>> [apiv2][query] GET https://serviceusage.googleapis.com/v1/projects/gc-roofing/services/eventarc.googleapis.com [none]
[debug] [2024-07-03T22:30:51.658Z] >>> [apiv2][(partial)header] GET https://serviceusage.googleapis.com/v1/projects/gc-roofing/services/eventarc.googleapis.com x-goog-quota-user=projects/gc-roofing
[debug] [2024-07-03T22:30:51.660Z] >>> [apiv2][query] GET https://serviceusage.googleapis.com/v1/projects/gc-roofing/services/pubsub.googleapis.com [none]
[debug] [2024-07-03T22:30:51.660Z] >>> [apiv2][(partial)header] GET https://serviceusage.googleapis.com/v1/projects/gc-roofing/services/pubsub.googleapis.com x-goog-quota-user=projects/gc-roofing
[debug] [2024-07-03T22:30:51.661Z] >>> [apiv2][query] GET https://serviceusage.googleapis.com/v1/projects/gc-roofing/services/storage.googleapis.com [none]
[debug] [2024-07-03T22:30:51.661Z] >>> [apiv2][(partial)header] GET https://serviceusage.googleapis.com/v1/projects/gc-roofing/services/storage.googleapis.com x-goog-quota-user=projects/gc-roofing
[debug] [2024-07-03T22:30:52.374Z] <<< [apiv2][status] GET https://serviceusage.googleapis.com/v1/projects/gc-roofing/services/eventarc.googleapis.com 200
[debug] [2024-07-03T22:30:52.374Z] <<< [apiv2][body] GET https://serviceusage.googleapis.com/v1/projects/gc-roofing/services/eventarc.googleapis.com [omitted]
[info] ✔  functions: required API eventarc.googleapis.com is enabled 
[debug] [2024-07-03T22:30:52.375Z] <<< [apiv2][status] GET https://serviceusage.googleapis.com/v1/projects/gc-roofing/services/run.googleapis.com 200
[debug] [2024-07-03T22:30:52.375Z] <<< [apiv2][body] GET https://serviceusage.googleapis.com/v1/projects/gc-roofing/services/run.googleapis.com [omitted]
[info] ✔  functions: required API run.googleapis.com is enabled 
[debug] [2024-07-03T22:30:52.376Z] <<< [apiv2][status] GET https://serviceusage.googleapis.com/v1/projects/gc-roofing/services/pubsub.googleapis.com 200
[debug] [2024-07-03T22:30:52.376Z] <<< [apiv2][body] GET https://serviceusage.googleapis.com/v1/projects/gc-roofing/services/pubsub.googleapis.com [omitted]
[info] ✔  functions: required API pubsub.googleapis.com is enabled 
[debug] [2024-07-03T22:30:52.408Z] <<< [apiv2][status] GET https://serviceusage.googleapis.com/v1/projects/gc-roofing/services/storage.googleapis.com 200
[debug] [2024-07-03T22:30:52.408Z] <<< [apiv2][body] GET https://serviceusage.googleapis.com/v1/projects/gc-roofing/services/storage.googleapis.com [omitted]
[info] ✔  functions: required API storage.googleapis.com is enabled 
[info] i  functions: generating the service identity for pubsub.googleapis.com... 
[info] i  functions: generating the service identity for eventarc.googleapis.com... 
[debug] [2024-07-03T22:30:52.409Z] >>> [apiv2][query] POST https://serviceusage.googleapis.com/v1beta1/projects/219394137012/services/pubsub.googleapis.com:generateServiceIdentity [none]
[debug] [2024-07-03T22:30:52.409Z] >>> [apiv2][query] POST https://serviceusage.googleapis.com/v1beta1/projects/219394137012/services/eventarc.googleapis.com:generateServiceIdentity [none]
[debug] [2024-07-03T22:30:52.751Z] <<< [apiv2][status] POST https://serviceusage.googleapis.com/v1beta1/projects/219394137012/services/pubsub.googleapis.com:generateServiceIdentity 200
[debug] [2024-07-03T22:30:52.751Z] <<< [apiv2][body] POST https://serviceusage.googleapis.com/v1beta1/projects/219394137012/services/pubsub.googleapis.com:generateServiceIdentity {"name":"operations/finished.DONE_OPERATION","done":true,"response":{"@type":"type.googleapis.com/google.api.serviceusage.v1beta1.ServiceIdentity","email":"service-219394137012@gcp-sa-pubsub.iam.gserviceaccount.com","uniqueId":"101186317639194095012"}}
[debug] [2024-07-03T22:30:52.772Z] <<< [apiv2][status] POST https://serviceusage.googleapis.com/v1beta1/projects/219394137012/services/eventarc.googleapis.com:generateServiceIdentity 200
[debug] [2024-07-03T22:30:52.772Z] <<< [apiv2][body] POST https://serviceusage.googleapis.com/v1beta1/projects/219394137012/services/eventarc.googleapis.com:generateServiceIdentity {"name":"operations/finished.DONE_OPERATION","done":true,"response":{"@type":"type.googleapis.com/google.api.serviceusage.v1beta1.ServiceIdentity","email":"service-219394137012@gcp-sa-eventarc.iam.gserviceaccount.com","uniqueId":"118124306008410594327"}}
[debug] [2024-07-03T22:30:52.775Z] >>> [apiv2][query] GET https://firebase.googleapis.com/v1beta1/projects/gc-roofing [none]
[debug] [2024-07-03T22:30:53.116Z] <<< [apiv2][status] GET https://firebase.googleapis.com/v1beta1/projects/gc-roofing 200
[debug] [2024-07-03T22:30:53.116Z] <<< [apiv2][body] GET https://firebase.googleapis.com/v1beta1/projects/gc-roofing {"projectId":"gc-roofing","projectNumber":"219394137012","displayName":"gc-roofing","name":"projects/gc-roofing","resources":{"hostingSite":"gc-roofing"},"state":"ACTIVE","etag":"1_199295d3-2ead-4024-9338-0733993f2024"}
[debug] [2024-07-03T22:30:53.121Z] >>> [apiv2][query] POST https://firebasehosting.googleapis.com/v1beta1/projects/-/sites/gc-roofing/versions [none]
[debug] [2024-07-03T22:30:53.121Z] >>> [apiv2][body] POST https://firebasehosting.googleapis.com/v1beta1/projects/-/sites/gc-roofing/versions {"status":"CREATED","labels":{"deployment-tool":"cli-firebase"}}
[debug] [2024-07-03T22:30:54.792Z] <<< [apiv2][status] POST https://firebasehosting.googleapis.com/v1beta1/projects/-/sites/gc-roofing/versions 200
[debug] [2024-07-03T22:30:54.793Z] <<< [apiv2][body] POST https://firebasehosting.googleapis.com/v1beta1/projects/-/sites/gc-roofing/versions {"name":"projects/219394137012/sites/gc-roofing/versions/250333382504c5c7","status":"CREATED","config":{},"labels":{"deployment-tool":"cli-firebase"}}
[info] i  firestore: deploying indexes... 
[debug] [2024-07-03T22:30:54.797Z] >>> [apiv2][query] GET https://firebaserules.googleapis.com/v1/projects/gc-roofing/releases pageSize=10&pageToken=
[debug] [2024-07-03T22:30:54.800Z] >>> [apiv2][query] GET https://firestore.googleapis.com/v1/projects/gc-roofing/databases/(default)/collectionGroups/-/indexes [none]
[debug] [2024-07-03T22:30:55.332Z] <<< [apiv2][status] GET https://firebaserules.googleapis.com/v1/projects/gc-roofing/releases 200
[debug] [2024-07-03T22:30:55.332Z] <<< [apiv2][body] GET https://firebaserules.googleapis.com/v1/projects/gc-roofing/releases {"releases":[{"name":"projects/gc-roofing/releases/cloud.firestore","rulesetName":"projects/gc-roofing/rulesets/6befcec7-1936-45d0-951c-bd0f27a4942a","createTime":"2024-06-21T00:55:50.982904Z","updateTime":"2024-07-03T18:25:34.941554Z"}]}
[debug] [2024-07-03T22:30:55.333Z] >>> [apiv2][query] GET https://firebaserules.googleapis.com/v1/projects/gc-roofing/rulesets/6befcec7-1936-45d0-951c-bd0f27a4942a [none]
[debug] [2024-07-03T22:30:55.541Z] <<< [apiv2][status] GET https://firestore.googleapis.com/v1/projects/gc-roofing/databases/(default)/collectionGroups/-/indexes 200
[debug] [2024-07-03T22:30:55.541Z] <<< [apiv2][body] GET https://firestore.googleapis.com/v1/projects/gc-roofing/databases/(default)/collectionGroups/-/indexes {}
[debug] [2024-07-03T22:30:55.542Z] >>> [apiv2][query] GET https://firestore.googleapis.com/v1/projects/gc-roofing/databases/(default)/collectionGroups/-/fields?filter=indexConfig.usesAncestorConfig=false OR ttlConfig:* [none]
[debug] [2024-07-03T22:30:55.734Z] <<< [apiv2][status] GET https://firebaserules.googleapis.com/v1/projects/gc-roofing/rulesets/6befcec7-1936-45d0-951c-bd0f27a4942a 200
[debug] [2024-07-03T22:30:55.734Z] <<< [apiv2][body] GET https://firebaserules.googleapis.com/v1/projects/gc-roofing/rulesets/6befcec7-1936-45d0-951c-bd0f27a4942a [omitted]
[info] i  firestore: latest version of firestore.rules already up to date, skipping upload... 
[debug] [2024-07-03T22:30:55.761Z] <<< [apiv2][status] GET https://firestore.googleapis.com/v1/projects/gc-roofing/databases/(default)/collectionGroups/-/fields?filter=indexConfig.usesAncestorConfig=false OR ttlConfig:* 200
[debug] [2024-07-03T22:30:55.762Z] <<< [apiv2][body] GET https://firestore.googleapis.com/v1/projects/gc-roofing/databases/(default)/collectionGroups/-/fields?filter=indexConfig.usesAncestorConfig=false OR ttlConfig:* {"fields":[{"name":"projects/gc-roofing/databases/(default)/collectionGroups/__default__/fields/*","indexConfig":{"indexes":[{"queryScope":"COLLECTION","fields":[{"fieldPath":"*","order":"ASCENDING"}],"state":"READY"},{"queryScope":"COLLECTION","fields":[{"fieldPath":"*","order":"DESCENDING"}],"state":"READY"},{"queryScope":"COLLECTION","fields":[{"fieldPath":"*","arrayConfig":"CONTAINS"}],"state":"READY"}]}}]}
[info] ✔  firestore: deployed indexes in firestore.indexes.json successfully for (default) database 
[debug] [2024-07-03T22:30:55.764Z] >>> [apiv2][query] POST https://cloudfunctions.googleapis.com/v2/projects/gc-roofing/locations/us-central1/functions:generateUploadUrl [none]
[debug] [2024-07-03T22:30:56.020Z] <<< [apiv2][status] POST https://cloudfunctions.googleapis.com/v2/projects/gc-roofing/locations/us-central1/functions:generateUploadUrl 200
[debug] [2024-07-03T22:30:56.020Z] <<< [apiv2][body] POST https://cloudfunctions.googleapis.com/v2/projects/gc-roofing/locations/us-central1/functions:generateUploadUrl {"uploadUrl":"https://storage.googleapis.com/gcf-v2-uploads-219394137012-us-central1/8f2dbe6a-612d-4819-a4ba-f8a5e5ec564a.zip?GoogleAccessId=service-219394137012@gcf-admin-robot.iam.gserviceaccount.com&Expires=1720047655&Signature=iTjjaTNx8KJX0CljZTPd1q8YTDd0u2aEp3R8AFKtlXD4OQ%2FdbRj1CQuQ5BEciCRfkXzKko%2FfNuHp754%2FAADUB2oJCG5jyCj5vGTKKGTWkABeb8zUhepsBvO0I6ZkAp38ol0Wh7T5Uo1WC0OIpMrMWXnI2htOyV02DzdNF3%2B1l4b43Mz%2FOhQwsiwR8RqP0zHKG%2FkUv3r%2FSjseXi7O7xfuI3dkDB1ebj60DWB8eQPQuwpVWH6qkseHGQRyimgBCTg1kJ2b%2Fo8Nev1LIAfmmMdW2oqxPcVAadBSctX2W0nKdskV%2B2A8DVfeCnFsJPKPrpYZM2tchCxXv9o54Dn0J3b46g%3D%3D","storageSource":{"bucket":"gcf-v2-uploads-219394137012-us-central1","object":"8f2dbe6a-612d-4819-a4ba-f8a5e5ec564a.zip"}}
[debug] [2024-07-03T22:30:56.022Z] >>> [apiv2][query] PUT https://storage.googleapis.com/gcf-v2-uploads-219394137012-us-central1/8f2dbe6a-612d-4819-a4ba-f8a5e5ec564a.zip GoogleAccessId=service-219394137012%40gcf-admin-robot.iam.gserviceaccount.com&Expires=1720047655&Signature=iTjjaTNx8KJX0CljZTPd1q8YTDd0u2aEp3R8AFKtlXD4OQ%2FdbRj1CQuQ5BEciCRfkXzKko%2FfNuHp754%2FAADUB2oJCG5jyCj5vGTKKGTWkABeb8zUhepsBvO0I6ZkAp38ol0Wh7T5Uo1WC0OIpMrMWXnI2htOyV02DzdNF3%2B1l4b43Mz%2FOhQwsiwR8RqP0zHKG%2FkUv3r%2FSjseXi7O7xfuI3dkDB1ebj60DWB8eQPQuwpVWH6qkseHGQRyimgBCTg1kJ2b%2Fo8Nev1LIAfmmMdW2oqxPcVAadBSctX2W0nKdskV%2B2A8DVfeCnFsJPKPrpYZM2tchCxXv9o54Dn0J3b46g%3D%3D
[debug] [2024-07-03T22:30:56.022Z] >>> [apiv2][body] PUT https://storage.googleapis.com/gcf-v2-uploads-219394137012-us-central1/8f2dbe6a-612d-4819-a4ba-f8a5e5ec564a.zip [stream]
[debug] [2024-07-03T22:30:57.045Z] <<< [apiv2][status] PUT https://storage.googleapis.com/gcf-v2-uploads-219394137012-us-central1/8f2dbe6a-612d-4819-a4ba-f8a5e5ec564a.zip 200
[debug] [2024-07-03T22:30:57.045Z] <<< [apiv2][body] PUT https://storage.googleapis.com/gcf-v2-uploads-219394137012-us-central1/8f2dbe6a-612d-4819-a4ba-f8a5e5ec564a.zip [omitted]
[info] ✔  functions: functions folder uploaded successfully 
[info] i  hosting[gc-roofing]: beginning deploy... 
[info] i  hosting[gc-roofing]: found 16 files in build 
[debug] [2024-07-03T22:30:57.054Z] [hosting] uploading with 200 concurrency
[debug] [2024-07-03T22:30:57.216Z] [hosting] hash cache [YnVpbGQ] stored for 16 files
[debug] [2024-07-03T22:30:57.216Z] [hosting][hash queue][FINAL] {"max":158,"min":3,"avg":15.8125,"active":0,"complete":16,"success":16,"errored":0,"retried":0,"total":16,"elapsed":160}
[debug] [2024-07-03T22:30:57.216Z] >>> [apiv2][query] POST https://firebasehosting.googleapis.com/v1beta1/projects/219394137012/sites/gc-roofing/versions/250333382504c5c7:populateFiles [none]
[debug] [2024-07-03T22:30:57.216Z] >>> [apiv2][body] POST https://firebasehosting.googleapis.com/v1beta1/projects/219394137012/sites/gc-roofing/versions/250333382504c5c7:populateFiles {"files":{"/robots.txt":"391d14b3c2f8c9143a27a28c7399585142228d4d1bdbe2c87ac946de411fa9a2","/manifest.json":"d73f7cf0c9f63bd04051a36ce0038d3bf6e098de17bfdfe08a8744c91b50a858","/asset-manifest.json":"ec20f5d482170e4979643042228ea82b00f4f2501aa2ef3db5b697d023853791","/index.html":"265954094e95ee89fae07a953e87c677dbd36f97892f4f79a96d006840e77f35","/static/js/main.475f1049.js.LICENSE.txt":"3e1573285170925ef749e0df441572f2b648e99a1fb35b34e26e1ba4a72e5c2c","/static/js/453.b1949d23.chunk.js":"ca52bb206edc2d3775a9cb966865352372adfda62c1f8e84f5c0ef037e95ecfc","/static/css/main.f855e6bc.css":"a6467677302ea3c58eed1eed9e7f3f105b715334c146decc1415fc1f006c8afa","/static/css/main.f855e6bc.css.map":"fa2116cd378b6f06bc90495582a3f6c5cef6508df7681f58d4c38c9a6f9f3449","/static/js/453.b1949d23.chunk.js.map":"7d7b351ea3f56b8da38263e2d083a34bfb4a1b15d9e4545c992d7f5f3040ff18","/gc-icon.png":"a87a4d6726bb5999606968f3f6073798255a62f566e5a0e98d66377a6546ed06","/gc-icon2.png":"eb449e6fa361525b0be86860628ad1e3dfd7a1e985f00427387393669631b6f3","/gc-logo.png":"5ac00c53bf803eee51b1e3a62069bb89c26b2e1dfaa6b2b52be78b4f925137c4","/3-Solo-Mio-Farms-Lemoore.jpg":"b0c0cd14800d57d3d8d420b5da12a69e7f708e7f1b8dec0f40058ce8ac421983","/4-California-Custom-Stereo-Fresno.jpg":"ee194538c2ffcb6b354e8cbceb5dc2f966900d390ca4c16d7de01531ed462654","/static/js/main.475f1049.js":"bee1552db5b6b101bc650cf024725caea4a5c23f81ea5d0bba5af4ce14215029","/static/js/main.475f1049.js.map":"ad3a079ec7d0a5ce36ce2725d311588c4934e07aa762018b4e3ccba22bf7caaa"}}
